<?xml version="1.0" encoding="UTF-8"?>
<!-- Generated by org.testng.reporters.JUnitXMLReporter -->
<testsuite ignored="0" hostname="TANMOY_DATTA" failures="0" tests="5" name="Test" time="29.012" errors="0" timestamp="2023-02-15T17:23:32 BDT">
  <testcase classname="testcases.LoginTest" name="testLogInWithInvalidCredentialsUsingDataprovider" time="11.254"/>
  <testcase classname="testcases.LoginTest" name="testLogInWithInvalidCredentialsUsingDataprovider" time="5.138"/>
  <testcase classname="testcases.HomePageTest" name="HomePageTitle" time="16.393"/>
  <testcase classname="testcases.LoginTest" name="testLoginWithInValidCredentials" time="4.438"/>
  <testcase classname="testcases.LoginTest" name="testLoginWithValidPhnInValidpasswordCredentials" time="3.74"/>
</testsuite> <!-- Test -->
