<?xml version="1.0" encoding="UTF-8"?>
<!-- Generated by org.testng.reporters.JUnitXMLReporter -->
<testsuite ignored="0" hostname="TANMOY_DATTA" failures="0" tests="5" name="Test" time="39.537" errors="0" timestamp="2023-02-16T15:40:02 BDT">
  <testcase classname="testcases.HomePageTest" name="HomePageTitle" time="12.55"/>
  <testcase classname="testcases.LoginTest" name="testLogInWithInvalidCredentialsUsingDataprovider" time="7.64"/>
  <testcase classname="testcases.LoginTest" name="testLogInWithInvalidCredentialsUsingDataprovider" time="4.197"/>
  <testcase classname="testcases.LoginTest" name="testLoginWithInValidCredentials" time="4.201"/>
  <testcase classname="testcases.LoginTest" name="testLoginWithValidPhnInValidpasswordCredentials" time="3.954"/>
</testsuite> <!-- Test -->
