<?xml version="1.0" encoding="UTF-8"?>
<!-- Generated by org.testng.reporters.JUnitXMLReporter -->
<testsuite ignored="2" hostname="TANMOY_DATTA" failures="2" tests="5" name="Test" time="31.561" errors="0" timestamp="2023-02-15T16:08:08 BDT">
  <testcase classname="testcases.HomePageTest" name="HomePageTitle" time="14.679"/>
  <testcase classname="testcases.LoginTest" name="testLogInWithInvalidCredentialsUsingDataprovider" time="3.857"/>
  <testcase classname="testcases.LoginTest" name="testLogInWithInvalidCredentialsUsingDataprovider" time="3.628">
    <failure type="java.lang.AssertionError" message="expected [Incorrect username or password.] but found [Your login has failed too many times, please retry after an hour.]">
      <![CDATA[java.lang.AssertionError: expected [Incorrect username or password.] but found [Your login has failed too many times, please retry after an hour.]
at testcases.LoginTest.testLogInWithInvalidCredentialsUsingDataprovider(LoginTest.java:32)
at java.base/java.util.ArrayList.forEach(ArrayList.java:1511)
... Removed 37 stack frames]]>
    </failure>
  </testcase> <!-- testLogInWithInvalidCredentialsUsingDataprovider -->
  <testcase classname="testcases.LoginTest" name="testLoginWithInValidCredentials" time="4.961"/>
  <testcase classname="testcases.LoginTest" name="testLoginWithValidPhnInValidpasswordCredentials" time="4.336">
    <failure type="java.lang.AssertionError" message="expected [Incorrect username or password.] but found [Your login has failed too many times, please retry after an hour.]">
      <![CDATA[java.lang.AssertionError: expected [Incorrect username or password.] but found [Your login has failed too many times, please retry after an hour.]
at testcases.LoginTest.testLoginWithValidPhnInValidpasswordCredentials(LoginTest.java:25)
at java.base/java.util.ArrayList.forEach(ArrayList.java:1511)
... Removed 37 stack frames]]>
    </failure>
  </testcase> <!-- testLoginWithValidPhnInValidpasswordCredentials -->
  <testcase classname="utilities.DriverSetUp" name="@BeforeSuite setBrowser" time="0.0">
    <ignored/>
  </testcase> <!-- @BeforeSuite setBrowser -->
  <testcase classname="utilities.DriverSetUp" name="@AfterSuite quitBrowser" time="0.0">
    <ignored/>
  </testcase> <!-- @AfterSuite quitBrowser -->
</testsuite> <!-- Test -->
