<?xml version="1.0" encoding="UTF-8"?>
<testng-results ignored="0" total="5" passed="5" failed="0" skipped="0">
  <reporter-output>
  </reporter-output>
  <suite started-at="2023-02-17T01:00:56 BDT" name="Suite" finished-at="2023-02-17T01:01:39 BDT" duration-ms="42909">
    <groups>
    </groups>
    <test started-at="2023-02-17T01:00:56 BDT" name="Test" finished-at="2023-02-17T01:01:39 BDT" duration-ms="42909">
      <class name="testcases.HomePageTest">
        <test-method is-config="true" signature="setBrowser()[pri:0, instance:testcases.HomePageTest@7c8c9a05]" started-at="2023-02-17T01:00:56 BDT" name="setBrowser" finished-at="2023-02-17T01:01:01 BDT" duration-ms="5402" status="PASS">
          <reporter-output>
          </reporter-output>
        </test-method> <!-- setBrowser -->
        <test-method signature="HomePageTitle()[pri:0, instance:testcases.HomePageTest@7c8c9a05]" started-at="2023-02-17T01:01:01 BDT" name="HomePageTitle" finished-at="2023-02-17T01:01:13 BDT" duration-ms="11783" status="PASS">
          <reporter-output>
          </reporter-output>
        </test-method> <!-- HomePageTitle -->
        <test-method is-config="true" signature="quitBrowser()[pri:0, instance:testcases.HomePageTest@7c8c9a05]" started-at="2023-02-17T01:01:13 BDT" name="quitBrowser" finished-at="2023-02-17T01:01:14 BDT" duration-ms="880" status="PASS">
          <reporter-output>
          </reporter-output>
        </test-method> <!-- quitBrowser -->
      </class> <!-- testcases.HomePageTest -->
      <class name="testcases.LoginTest">
        <test-method is-config="true" signature="setBrowser()[pri:0, instance:testcases.LoginTest@558bdf1f]" started-at="2023-02-17T01:01:14 BDT" name="setBrowser" finished-at="2023-02-17T01:01:16 BDT" duration-ms="2063" status="PASS">
          <reporter-output>
          </reporter-output>
        </test-method> <!-- setBrowser -->
        <test-method signature="testLogInWithInvalidCredentialsUsingDataprovider(java.lang.String,java.lang.String,java.lang.String)[pri:0, instance:testcases.LoginTest@558bdf1f]" started-at="2023-02-17T01:01:16 BDT" name="testLogInWithInvalidCredentialsUsingDataprovider" data-provider="InvalidCredensial" finished-at="2023-02-17T01:01:25 BDT" duration-ms="9286" status="PASS">
          <params>
            <param index="0">
              <value>
                <![CDATA[0111111111]]>
              </value>
            </param>
            <param index="1">
              <value>
                <![CDATA[password]]>
              </value>
            </param>
            <param index="2">
              <value>
                <![CDATA[Please enter a valid phone number.]]>
              </value>
            </param>
          </params>
          <reporter-output>
          </reporter-output>
        </test-method> <!-- testLogInWithInvalidCredentialsUsingDataprovider -->
        <test-method signature="testLogInWithInvalidCredentialsUsingDataprovider(java.lang.String,java.lang.String,java.lang.String)[pri:0, instance:testcases.LoginTest@558bdf1f]" started-at="2023-02-17T01:01:25 BDT" name="testLogInWithInvalidCredentialsUsingDataprovider" data-provider="InvalidCredensial" finished-at="2023-02-17T01:01:30 BDT" duration-ms="4173" status="PASS">
          <params>
            <param index="0">
              <value>
                <![CDATA[01378154154]]>
              </value>
            </param>
            <param index="1">
              <value>
                <![CDATA[password]]>
              </value>
            </param>
            <param index="2">
              <value>
                <![CDATA[Incorrect username or password.]]>
              </value>
            </param>
          </params>
          <reporter-output>
          </reporter-output>
        </test-method> <!-- testLogInWithInvalidCredentialsUsingDataprovider -->
        <test-method signature="testLoginWithInValidCredentials()[pri:0, instance:testcases.LoginTest@558bdf1f]" started-at="2023-02-17T01:01:30 BDT" name="testLoginWithInValidCredentials" description="Test Login with invalid credential !" finished-at="2023-02-17T01:01:34 BDT" duration-ms="4343" status="PASS">
          <reporter-output>
          </reporter-output>
        </test-method> <!-- testLoginWithInValidCredentials -->
        <test-method signature="testLoginWithValidPhnInValidpasswordCredentials()[pri:0, instance:testcases.LoginTest@558bdf1f]" started-at="2023-02-17T01:01:34 BDT" name="testLoginWithValidPhnInValidpasswordCredentials" finished-at="2023-02-17T01:01:38 BDT" duration-ms="3894" status="PASS">
          <reporter-output>
          </reporter-output>
        </test-method> <!-- testLoginWithValidPhnInValidpasswordCredentials -->
        <test-method is-config="true" signature="quitBrowser()[pri:0, instance:testcases.LoginTest@558bdf1f]" started-at="2023-02-17T01:01:38 BDT" name="quitBrowser" finished-at="2023-02-17T01:01:39 BDT" duration-ms="676" status="PASS">
          <reporter-output>
          </reporter-output>
        </test-method> <!-- quitBrowser -->
      </class> <!-- testcases.LoginTest -->
    </test> <!-- Test -->
  </suite> <!-- Suite -->
</testng-results>
