<?xml version="1.0" encoding="UTF-8"?>
<testng-results ignored="0" total="5" passed="5" failed="0" skipped="0">
  <reporter-output>
  </reporter-output>
  <suite started-at="2023-02-15T17:23:03 BDT" name="Suite" finished-at="2023-02-15T17:23:32 BDT" duration-ms="29012">
    <groups>
    </groups>
    <test started-at="2023-02-15T17:23:03 BDT" name="Test" finished-at="2023-02-15T17:23:32 BDT" duration-ms="29012">
      <class name="testcases.HomePageTest">
        <test-method is-config="true" signature="setBrowser()[pri:0, instance:testcases.HomePageTest@3c77d488]" started-at="2023-02-15T17:23:03 BDT" name="setBrowser" finished-at="2023-02-15T17:23:09 BDT" duration-ms="6147" status="PASS">
          <reporter-output>
          </reporter-output>
        </test-method> <!-- setBrowser -->
        <test-method signature="HomePageTitle()[pri:0, instance:testcases.HomePageTest@3c77d488]" started-at="2023-02-15T17:23:09 BDT" name="HomePageTitle" finished-at="2023-02-15T17:23:25 BDT" duration-ms="16393" status="PASS">
          <reporter-output>
          </reporter-output>
        </test-method> <!-- HomePageTitle -->
        <test-method is-config="true" signature="quitBrowser()[pri:0, instance:testcases.HomePageTest@3c77d488]" started-at="2023-02-15T17:23:25 BDT" name="quitBrowser" finished-at="2023-02-15T17:23:26 BDT" duration-ms="463" status="PASS">
          <reporter-output>
          </reporter-output>
        </test-method> <!-- quitBrowser -->
      </class> <!-- testcases.HomePageTest -->
      <class name="testcases.LoginTest">
        <test-method is-config="true" signature="setBrowser()[pri:0, instance:testcases.LoginTest@2e385cce]" started-at="2023-02-15T17:23:03 BDT" name="setBrowser" finished-at="2023-02-15T17:23:07 BDT" duration-ms="3937" status="PASS">
          <reporter-output>
          </reporter-output>
        </test-method> <!-- setBrowser -->
        <test-method signature="testLogInWithInvalidCredentialsUsingDataprovider(java.lang.String,java.lang.String,java.lang.String)[pri:0, instance:testcases.LoginTest@2e385cce]" started-at="2023-02-15T17:23:07 BDT" name="testLogInWithInvalidCredentialsUsingDataprovider" data-provider="InvalidCredensial" finished-at="2023-02-15T17:23:18 BDT" duration-ms="11254" status="PASS">
          <params>
            <param index="0">
              <value>
                <![CDATA[0111111111]]>
              </value>
            </param>
            <param index="1">
              <value>
                <![CDATA[password]]>
              </value>
            </param>
            <param index="2">
              <value>
                <![CDATA[Please enter a valid phone number.]]>
              </value>
            </param>
          </params>
          <reporter-output>
          </reporter-output>
        </test-method> <!-- testLogInWithInvalidCredentialsUsingDataprovider -->
        <test-method signature="testLogInWithInvalidCredentialsUsingDataprovider(java.lang.String,java.lang.String,java.lang.String)[pri:0, instance:testcases.LoginTest@2e385cce]" started-at="2023-02-15T17:23:18 BDT" name="testLogInWithInvalidCredentialsUsingDataprovider" data-provider="InvalidCredensial" finished-at="2023-02-15T17:23:23 BDT" duration-ms="5138" status="PASS">
          <params>
            <param index="0">
              <value>
                <![CDATA[01378154154]]>
              </value>
            </param>
            <param index="1">
              <value>
                <![CDATA[password]]>
              </value>
            </param>
            <param index="2">
              <value>
                <![CDATA[Incorrect username or password.]]>
              </value>
            </param>
          </params>
          <reporter-output>
          </reporter-output>
        </test-method> <!-- testLogInWithInvalidCredentialsUsingDataprovider -->
        <test-method signature="testLoginWithInValidCredentials()[pri:0, instance:testcases.LoginTest@2e385cce]" started-at="2023-02-15T17:23:23 BDT" name="testLoginWithInValidCredentials" finished-at="2023-02-15T17:23:28 BDT" duration-ms="4438" status="PASS">
          <reporter-output>
          </reporter-output>
        </test-method> <!-- testLoginWithInValidCredentials -->
        <test-method signature="testLoginWithValidPhnInValidpasswordCredentials()[pri:0, instance:testcases.LoginTest@2e385cce]" started-at="2023-02-15T17:23:28 BDT" name="testLoginWithValidPhnInValidpasswordCredentials" finished-at="2023-02-15T17:23:31 BDT" duration-ms="3740" status="PASS">
          <reporter-output>
          </reporter-output>
        </test-method> <!-- testLoginWithValidPhnInValidpasswordCredentials -->
        <test-method is-config="true" signature="quitBrowser()[pri:0, instance:testcases.LoginTest@2e385cce]" started-at="2023-02-15T17:23:31 BDT" name="quitBrowser" finished-at="2023-02-15T17:23:32 BDT" duration-ms="392" status="PASS">
          <reporter-output>
          </reporter-output>
        </test-method> <!-- quitBrowser -->
      </class> <!-- testcases.LoginTest -->
    </test> <!-- Test -->
  </suite> <!-- Suite -->
</testng-results>
